{
  "stats": {
    "suites": 1,
    "tests": 6,
    "passes": 6,
    "pending": 0,
    "failures": 0,
    "start": "2023-01-29T01:03:30.798Z",
    "end": "2023-01-29T01:04:34.729Z",
    "duration": 63931,
    "testsRegistered": 6,
    "passPercent": 100,
    "pendingPercent": 0,
    "other": 0,
    "hasOther": false,
    "skipped": 0,
    "hasSkipped": false
  },
  "results": [
    {
      "uuid": "1ea1aff2-5fb6-4206-8a44-f4268fd964f3",
      "title": "",
      "fullFile": "cypress/e2e/EPIC002_ConversationFlow/TC003-withInputField.cy.js",
      "file": "cypress/e2e/EPIC002_ConversationFlow/TC003-withInputField.cy.js",
      "beforeHooks": [],
      "afterHooks": [],
      "tests": [],
      "suites": [
        {
          "uuid": "536e6822-aa32-4389-8ea6-c5524dd7cd60",
          "title": "Verify the chatbot conversation through input field",
          "fullFile": "",
          "file": "",
          "beforeHooks": [],
          "afterHooks": [],
          "tests": [
            {
              "title": "Verify the welcome messages",
              "fullTitle": "Verify the chatbot conversation through input field Verify the welcome messages",
              "timedOut": null,
              "duration": 9649,
              "state": "passed",
              "speed": "medium",
              "pass": true,
              "fail": false,
              "pending": false,
              "context": null,
              "code": "const WebPage = new _webPageElements.webPage();\nconst ConversationPage = new _conversationFlowElements.conversationPage();\nWebPage.clickOnChatbot();\nConversationPage.verifyMessage(`Jamie`, `Hi 👋 \\nI'm Jamie, your friendly guide to chatbots and SnatchBot.`)\n//.verifyDateAndTime(`Jamie`) -> Need to work on milliseconds\n.verifySignature('Jamie').verifyMessageAvatar('Jamie').verifyMessage(`name`, `There’s lots I can show you but first please let me know your name.`)\n//.verifyDateAndTime(`Jamie`) -> Need to work on milliseconds\n.verifySignature('name').verifyMessageAvatar('name');\n(0, _inputs.fillInInputValue)('Ida');\n(0, _buttons.clickButtonByValue)('send');\nConversationPage.verifyMessage(`Good to chat to you`, `Hi Ida! Good to chat to you. Did I get your name right?`);\n//.verifyDateAndTime(`Jamie`) -> Need to work on milliseconds\nWebPage.closeChatbot();",
              "err": {},
              "uuid": "d001dc84-1571-4517-b204-24606eda5db4",
              "parentUUID": "536e6822-aa32-4389-8ea6-c5524dd7cd60",
              "isHook": false,
              "skipped": false
            },
            {
              "title": "Verify the response for `explain chatbots` typed in input field",
              "fullTitle": "Verify the chatbot conversation through input field Verify the response for `explain chatbots` typed in input field",
              "timedOut": null,
              "duration": 19091,
              "state": "passed",
              "speed": "slow",
              "pass": true,
              "fail": false,
              "pending": false,
              "context": null,
              "code": "const WebPage = new _webPageElements.webPage();\nconst ConversationPage = new _conversationFlowElements.conversationPage();\nWebPage.clickOnChatbot();\n(0, _inputs.fillInInputValue)('Ida');\n(0, _buttons.clickButtonByValue)('send');\n(0, _buttons.clickButtonByValue)('Yes');\n(0, _inputs.fillInInputValue)('explain chatbots');\n(0, _buttons.clickButtonByValue)('send');\nConversationPage.verifyMessage(`software applications`, `Basically, we chatbots are just software applications, like any other application you use on your computer. The important difference is that people interface with us using conversation. Shall I say more about this? 👀`)\n//.verifyDateAndTime(`software applications`) -> Need to work on milliseconds\n.verifySignature('software applications').verifyMessageAvatar('software applications');\nWebPage.closeChatbot();",
              "err": {},
              "uuid": "d38daa8e-6e0d-4664-8ad1-7e77ab8b4e6c",
              "parentUUID": "536e6822-aa32-4389-8ea6-c5524dd7cd60",
              "isHook": false,
              "skipped": false
            },
            {
              "title": "Verify the send button is disabled when there are `text-to-speech` buttons",
              "fullTitle": "Verify the chatbot conversation through input field Verify the send button is disabled when there are `text-to-speech` buttons",
              "timedOut": null,
              "duration": 9264,
              "state": "passed",
              "speed": "medium",
              "pass": true,
              "fail": false,
              "pending": false,
              "context": null,
              "code": "const WebPage = new _webPageElements.webPage();\nWebPage.clickOnChatbot();\n(0, _inputs.fillInInputValue)('Ida');\n(0, _buttons.clickButtonByValue)('send');\n(0, _buttons.checkButtonIsActive)('Yes');\n(0, _buttons.checkButtonIsDisabled)('send');\nWebPage.closeChatbot();",
              "err": {},
              "uuid": "407f8d02-de98-4155-b8cc-f62d8f419c89",
              "parentUUID": "536e6822-aa32-4389-8ea6-c5524dd7cd60",
              "isHook": false,
              "skipped": false
            },
            {
              "title": "Verify the text field maximum character length",
              "fullTitle": "Verify the chatbot conversation through input field Verify the text field maximum character length",
              "timedOut": null,
              "duration": 1652,
              "state": "passed",
              "speed": "fast",
              "pass": true,
              "fail": false,
              "pending": false,
              "context": null,
              "code": "",
              "err": {},
              "uuid": "7c13ff48-eb86-4d6a-a928-6c927de5c9f4",
              "parentUUID": "536e6822-aa32-4389-8ea6-c5524dd7cd60",
              "isHook": false,
              "skipped": false
            },
            {
              "title": "Verify attempt to submit without any text in the input field",
              "fullTitle": "Verify the chatbot conversation through input field Verify attempt to submit without any text in the input field",
              "timedOut": null,
              "duration": 5301,
              "state": "passed",
              "speed": "medium",
              "pass": true,
              "fail": false,
              "pending": false,
              "context": null,
              "code": "const WebPage = new _webPageElements.webPage();\nWebPage.clickOnChatbot();\n(0, _inputs.fillInInputValue)(' ');\n(0, _buttons.checkButtonIsDisabled)('send');\nWebPage.closeChatbot();",
              "err": {},
              "uuid": "eb154cf7-c85d-40d9-93ca-fe0dfb3db923",
              "parentUUID": "536e6822-aa32-4389-8ea6-c5524dd7cd60",
              "isHook": false,
              "skipped": false
            },
            {
              "title": "Verify the response when irrelevant characters are typed",
              "fullTitle": "Verify the chatbot conversation through input field Verify the response when irrelevant characters are typed",
              "timedOut": null,
              "duration": 18909,
              "state": "passed",
              "speed": "slow",
              "pass": true,
              "fail": false,
              "pending": false,
              "context": null,
              "code": "const WebPage = new _webPageElements.webPage();\nconst ConversationPage = new _conversationFlowElements.conversationPage();\nWebPage.clickOnChatbot();\n(0, _inputs.fillInInputValue)('Ida');\n(0, _buttons.clickButtonByValue)('send');\n(0, _buttons.clickButtonByValue)('Yes');\n(0, _inputs.fillInInputValue)('irrelavant');\n(0, _buttons.clickButtonByValue)('send');\nConversationPage.verifyMessage(`sorry`, `I'm sorry, Ida, I didn't get that. Let me tell you again what I can do for you.`)\n//.verifyDateAndTime(`sorry`) -> Need to work on milliseconds\n.verifySignature('sorry').verifyMessageAvatar('sorry');\nWebPage.closeChatbot();",
              "err": {},
              "uuid": "8e1c5e8b-2c57-47ef-b363-ed09eb362994",
              "parentUUID": "536e6822-aa32-4389-8ea6-c5524dd7cd60",
              "isHook": false,
              "skipped": false
            }
          ],
          "suites": [],
          "passes": [
            "d001dc84-1571-4517-b204-24606eda5db4",
            "d38daa8e-6e0d-4664-8ad1-7e77ab8b4e6c",
            "407f8d02-de98-4155-b8cc-f62d8f419c89",
            "7c13ff48-eb86-4d6a-a928-6c927de5c9f4",
            "eb154cf7-c85d-40d9-93ca-fe0dfb3db923",
            "8e1c5e8b-2c57-47ef-b363-ed09eb362994"
          ],
          "failures": [],
          "pending": [],
          "skipped": [],
          "duration": 63866,
          "root": false,
          "rootEmpty": false,
          "_timeout": 2000
        }
      ],
      "passes": [],
      "failures": [],
      "pending": [],
      "skipped": [],
      "duration": 0,
      "root": true,
      "rootEmpty": true,
      "_timeout": 2000
    }
  ],
  "meta": {
    "mocha": {
      "version": "7.0.1"
    },
    "mochawesome": {
      "options": {
        "quiet": false,
        "reportFilename": "mochawesome",
        "saveHtml": true,
        "saveJson": true,
        "consoleReporter": "spec",
        "useInlineDiffs": false,
        "code": true
      },
      "version": "7.1.3"
    },
    "marge": {
      "options": {
        "id": "default",
        "reportDir": "cypress/reports/mocha",
        "overwrite": false,
        "html": true,
        "json": true
      },
      "version": "6.2.0"
    }
  }
}