{
  "stats": {
    "suites": 1,
    "tests": 4,
    "passes": 2,
    "pending": 0,
    "failures": 2,
    "start": "2023-01-29T01:04:47.997Z",
    "end": "2023-01-29T01:05:49.806Z",
    "duration": 61809,
    "testsRegistered": 4,
    "passPercent": 50,
    "pendingPercent": 0,
    "other": 0,
    "hasOther": false,
    "skipped": 0,
    "hasSkipped": false
  },
  "results": [
    {
      "uuid": "4cc534ae-a598-4c65-bfa2-25bd78e46b92",
      "title": "",
      "fullFile": "cypress/e2e/EPIC002_ConversationFlow/TC004-withMenuOptions.cy.js",
      "file": "cypress/e2e/EPIC002_ConversationFlow/TC004-withMenuOptions.cy.js",
      "beforeHooks": [],
      "afterHooks": [],
      "tests": [],
      "suites": [
        {
          "uuid": "3e8fe63e-ab6d-4ada-8ba4-38e6fdefae6b",
          "title": "Verify the chatbot conversation with menu options",
          "fullFile": "",
          "file": "",
          "beforeHooks": [],
          "afterHooks": [],
          "tests": [
            {
              "title": "Verify the menu bar is visible and clickable",
              "fullTitle": "Verify the chatbot conversation with menu options Verify the menu bar is visible and clickable",
              "timedOut": null,
              "duration": 18823,
              "state": "passed",
              "speed": "slow",
              "pass": true,
              "fail": false,
              "pending": false,
              "context": null,
              "code": "const WebPage = new _webPageElements.webPage();\nWebPage.clickOnChatbot().verifyDuplicateChatbot();\n(0, _inputs.fillInInputValue)('Ida');\n(0, _buttons.clickButtonByValue)('send');\n(0, _buttons.clickButtonByValue)('Yes');\n(0, _buttons.clickButtonByValue)('menu');\n(0, _buttons.checkButtonIsVisible)(' RSS ');\n(0, _buttons.checkButtonIsVisible)('New Topic');\n(0, _buttons.clickButtonByValue)('New Topic');\n(0, _buttons.checkButtonIsVisible)('Pricing');\n(0, _buttons.checkButtonIsVisible)('Broadcast');\n(0, _buttons.checkButtonIsVisible)('Text-To-Speech');\nWebPage.closeChatbot();",
              "err": {},
              "uuid": "306f03a6-dced-409a-a54f-a9f4ff33ae45",
              "parentUUID": "3e8fe63e-ab6d-4ada-8ba4-38e6fdefae6b",
              "isHook": false,
              "skipped": false
            },
            {
              "title": "Verify the responses for `RSS` when selected from menu",
              "fullTitle": "Verify the chatbot conversation with menu options Verify the responses for `RSS` when selected from menu",
              "timedOut": null,
              "duration": 13954,
              "state": "failed",
              "speed": null,
              "pass": false,
              "fail": true,
              "pending": false,
              "context": null,
              "code": "const WebPage = new _webPageElements.webPage();\nconst ConversationPage = new _conversationFlowElements.conversationPage();\nWebPage.clickOnChatbot().verifyDuplicateChatbot();\n(0, _inputs.fillInInputValue)('Ida');\n(0, _buttons.clickButtonByValue)('send');\n(0, _buttons.clickButtonByValue)('Yes');\n(0, _buttons.clickButtonByValue)('menu');\n(0, _buttons.clickButtonByValue)(' RSS ');\nConversationPage.verifyMessage(`RSS feed`, `Below are all the posts from our RSS feed. Enjoy! 👀😀`)\n//.verifyDateAndTime(`RSS feed`) -> Need to work on milliseconds\n.verifySignature('RSS feed').verifyMessageAvatar('RSS feed');\nWebPage.closeChatbot();",
              "err": {
                "message": "AssertionError: Timed out retrying after 4000ms: Expected to find element: `#chat_input`, but never found it. Queried from:\n\n              > <body>",
                "estack": "AssertionError: Timed out retrying after 4000ms: Expected to find element: `#chat_input`, but never found it. Queried from:\n\n              > <body>\n    at fillInInputValue (webpack:///./cypress/support/Helpers/inputs.js:4:7)\n    at Context.eval (webpack:///./cypress/e2e/EPIC002_ConversationFlow/TC004-withMenuOptions.cy.js:45:25)",
                "diff": null
              },
              "uuid": "6c64cc41-a91b-4cd3-9532-f4120c264802",
              "parentUUID": "3e8fe63e-ab6d-4ada-8ba4-38e6fdefae6b",
              "isHook": false,
              "skipped": false
            },
            {
              "title": "Verify the responses for `Pricing` when selected from menu",
              "fullTitle": "Verify the chatbot conversation with menu options Verify the responses for `Pricing` when selected from menu",
              "timedOut": null,
              "duration": 13361,
              "state": "failed",
              "speed": null,
              "pass": false,
              "fail": true,
              "pending": false,
              "context": null,
              "code": "const WebPage = new _webPageElements.webPage();\nconst ConversationPage = new _conversationFlowElements.conversationPage();\nWebPage.clickOnChatbot().verifyDuplicateChatbot();\n(0, _inputs.fillInInputValue)('Ida');\n(0, _buttons.clickButtonByValue)('send');\n(0, _buttons.clickButtonByValue)('Yes');\n(0, _buttons.clickButtonByValue)('menu');\n(0, _buttons.clickButtonByValue)('New Topic');\n(0, _buttons.clickButtonByValue)('Pricing');\nConversationPage.verifyMessage(`built for you?`, `Are you looking to have one or two chatbots built for you?  🤖 🤖:`)\n//.verifyDateAndTime(`built for you?`) -> Need to work on milliseconds\n.verifySignature('built for you?').verifyMessageAvatar('built for you?').verifyMessage(`enterprise`, `Or are you an enterprise or an IT service wanting to build many white label chatbots?`)\n//.verifyDateAndTime(`enterprise`) -> Need to work on milliseconds\n.verifySignature('enterprise').verifyMessageAvatar('enterprise');\n(0, _buttons.clickButtonByValue)('Not applicable');\nConversationPage.verifyMessage(`not addressed here`, `If your case is not addressed here you may ask to be contacted by one of our team and talk about it.`)\n//.verifyDateAndTime(`not addressed here`) -> Need to work on milliseconds\n.verifySignature('not addressed here').verifyMessageAvatar('not addressed here');\nWebPage.closeChatbot();",
              "err": {
                "message": "AssertionError: Timed out retrying after 4000ms: Expected to find element: `#chat_input`, but never found it. Queried from:\n\n              > <body>",
                "estack": "AssertionError: Timed out retrying after 4000ms: Expected to find element: `#chat_input`, but never found it. Queried from:\n\n              > <body>\n    at fillInInputValue (webpack:///./cypress/support/Helpers/inputs.js:4:7)\n    at Context.eval (webpack:///./cypress/e2e/EPIC002_ConversationFlow/TC004-withMenuOptions.cy.js:70:25)",
                "diff": null
              },
              "uuid": "023b1cd3-846a-463b-9630-56641c743e30",
              "parentUUID": "3e8fe63e-ab6d-4ada-8ba4-38e6fdefae6b",
              "isHook": false,
              "skipped": false
            },
            {
              "title": "Verify the menu is clickable when text-to-speech buttons are suggested",
              "fullTitle": "Verify the chatbot conversation with menu options Verify the menu is clickable when text-to-speech buttons are suggested",
              "timedOut": null,
              "duration": 15609,
              "state": "passed",
              "speed": "slow",
              "pass": true,
              "fail": false,
              "pending": false,
              "context": null,
              "code": "const WebPage = new _webPageElements.webPage();\nconst ConversationPage = new _conversationFlowElements.conversationPage();\nWebPage.clickOnChatbot().verifyDuplicateChatbot();\n(0, _inputs.fillInInputValue)('Ida');\n(0, _buttons.clickButtonByValue)('send');\n(0, _buttons.clickButtonByValue)('menu');\n(0, _buttons.checkButtonIsActive)(' RSS ');\n(0, _buttons.clickButtonByValue)(' RSS ');\nConversationPage.verifyMessage(`RSS feed`, `Below are all the posts from our RSS feed. Enjoy! 👀😀`)\n//.verifyDateAndTime(`RSS feed`) -> Need to work on milliseconds\n.verifySignature('RSS feed').verifyMessageAvatar('RSS feed');\nWebPage.closeChatbot();",
              "err": {},
              "uuid": "a1254ef9-e6e0-4d15-a5c8-8c5fc35d5978",
              "parentUUID": "3e8fe63e-ab6d-4ada-8ba4-38e6fdefae6b",
              "isHook": false,
              "skipped": false
            }
          ],
          "suites": [],
          "passes": [
            "306f03a6-dced-409a-a54f-a9f4ff33ae45",
            "a1254ef9-e6e0-4d15-a5c8-8c5fc35d5978"
          ],
          "failures": [
            "6c64cc41-a91b-4cd3-9532-f4120c264802",
            "023b1cd3-846a-463b-9630-56641c743e30"
          ],
          "pending": [],
          "skipped": [],
          "duration": 61747,
          "root": false,
          "rootEmpty": false,
          "_timeout": 2000
        }
      ],
      "passes": [],
      "failures": [],
      "pending": [],
      "skipped": [],
      "duration": 0,
      "root": true,
      "rootEmpty": true,
      "_timeout": 2000
    }
  ],
  "meta": {
    "mocha": {
      "version": "7.0.1"
    },
    "mochawesome": {
      "options": {
        "quiet": false,
        "reportFilename": "mochawesome",
        "saveHtml": true,
        "saveJson": true,
        "consoleReporter": "spec",
        "useInlineDiffs": false,
        "code": true
      },
      "version": "7.1.3"
    },
    "marge": {
      "options": {
        "id": "default",
        "reportDir": "cypress/reports/mocha",
        "overwrite": false,
        "html": true,
        "json": true
      },
      "version": "6.2.0"
    }
  }
}