{
  "stats": {
    "suites": 1,
    "tests": 4,
    "passes": 4,
    "pending": 0,
    "failures": 0,
    "start": "2023-01-29T01:03:11.551Z",
    "end": "2023-01-29T01:03:25.897Z",
    "duration": 14346,
    "testsRegistered": 4,
    "passPercent": 100,
    "pendingPercent": 0,
    "other": 0,
    "hasOther": false,
    "skipped": 0,
    "hasSkipped": false
  },
  "results": [
    {
      "uuid": "9ffafe32-0cea-4a18-ac9e-28c0a6e641be",
      "title": "",
      "fullFile": "cypress/e2e/EPIC001_WebPage/TC002_chatbotElements.cy.js",
      "file": "cypress/e2e/EPIC001_WebPage/TC002_chatbotElements.cy.js",
      "beforeHooks": [],
      "afterHooks": [],
      "tests": [],
      "suites": [
        {
          "uuid": "0c312896-233e-4cd4-8c9a-b525226d8346",
          "title": "Verify the chatbot elements are displayed correctly",
          "fullFile": "",
          "file": "",
          "beforeHooks": [],
          "afterHooks": [],
          "tests": [
            {
              "title": "Chatbot window opens on click",
              "fullTitle": "Verify the chatbot elements are displayed correctly Chatbot window opens on click",
              "timedOut": null,
              "duration": 5954,
              "state": "passed",
              "speed": "medium",
              "pass": true,
              "fail": false,
              "pending": false,
              "context": null,
              "code": "const WebPage = new _webPageElements.webPage();\nWebPage.clickOnChatbot().closeChatbot();",
              "err": {},
              "uuid": "2fd5b1c1-fbd5-49ea-b1d8-08f0691738c3",
              "parentUUID": "0c312896-233e-4cd4-8c9a-b525226d8346",
              "isHook": false,
              "skipped": false
            },
            {
              "title": "Verify the webchat headers",
              "fullTitle": "Verify the chatbot elements are displayed correctly Verify the webchat headers",
              "timedOut": null,
              "duration": 6022,
              "state": "passed",
              "speed": "medium",
              "pass": true,
              "fail": false,
              "pending": false,
              "context": null,
              "code": "const WebPage = new _webPageElements.webPage();\nWebPage.clickOnChatbot().verifyAvatar().verifyHeaders().verifyChatShare().closeChatbot();",
              "err": {},
              "uuid": "4e6d42ca-e434-40a1-b3bb-f967ddb359a3",
              "parentUUID": "0c312896-233e-4cd4-8c9a-b525226d8346",
              "isHook": false,
              "skipped": false
            },
            {
              "title": "Verify the webchat body",
              "fullTitle": "Verify the chatbot elements are displayed correctly Verify the webchat body",
              "timedOut": null,
              "duration": 1247,
              "state": "passed",
              "speed": "fast",
              "pass": true,
              "fail": false,
              "pending": false,
              "context": null,
              "code": "const WebPage = new _webPageElements.webPage();\nWebPage.verifyChatBody().closeChatbot();",
              "err": {},
              "uuid": "97773d4c-71fc-44a5-b6b9-83bad5d0cd8d",
              "parentUUID": "0c312896-233e-4cd4-8c9a-b525226d8346",
              "isHook": false,
              "skipped": false
            },
            {
              "title": "Verify the webchat form",
              "fullTitle": "Verify the chatbot elements are displayed correctly Verify the webchat form",
              "timedOut": null,
              "duration": 1088,
              "state": "passed",
              "speed": "fast",
              "pass": true,
              "fail": false,
              "pending": false,
              "context": null,
              "code": "const WebPage = new _webPageElements.webPage();\nWebPage.verifyChatBody().closeChatbot();",
              "err": {},
              "uuid": "e5b761fc-52fd-4ed9-a7ee-e66d8e534ce1",
              "parentUUID": "0c312896-233e-4cd4-8c9a-b525226d8346",
              "isHook": false,
              "skipped": false
            }
          ],
          "suites": [],
          "passes": [
            "2fd5b1c1-fbd5-49ea-b1d8-08f0691738c3",
            "4e6d42ca-e434-40a1-b3bb-f967ddb359a3",
            "97773d4c-71fc-44a5-b6b9-83bad5d0cd8d",
            "e5b761fc-52fd-4ed9-a7ee-e66d8e534ce1"
          ],
          "failures": [],
          "pending": [],
          "skipped": [],
          "duration": 14311,
          "root": false,
          "rootEmpty": false,
          "_timeout": 2000
        }
      ],
      "passes": [],
      "failures": [],
      "pending": [],
      "skipped": [],
      "duration": 0,
      "root": true,
      "rootEmpty": true,
      "_timeout": 2000
    }
  ],
  "meta": {
    "mocha": {
      "version": "7.0.1"
    },
    "mochawesome": {
      "options": {
        "quiet": false,
        "reportFilename": "mochawesome",
        "saveHtml": true,
        "saveJson": true,
        "consoleReporter": "spec",
        "useInlineDiffs": false,
        "code": true
      },
      "version": "7.1.3"
    },
    "marge": {
      "options": {
        "id": "default",
        "reportDir": "cypress/reports/mocha",
        "overwrite": false,
        "html": true,
        "json": true
      },
      "version": "6.2.0"
    }
  }
}