{
  "stats": {
    "suites": 1,
    "tests": 3,
    "passes": 3,
    "pending": 0,
    "failures": 0,
    "start": "2023-01-29T01:03:01.984Z",
    "end": "2023-01-29T01:03:08.308Z",
    "duration": 6324,
    "testsRegistered": 3,
    "passPercent": 100,
    "pendingPercent": 0,
    "other": 0,
    "hasOther": false,
    "skipped": 0,
    "hasSkipped": false
  },
  "results": [
    {
      "uuid": "ebda6e17-7bb4-4d8e-8f42-6427b859d2e9",
      "title": "",
      "fullFile": "cypress/e2e/EPIC001_WebPage/TC001_resposivenessOfChatbot.cy.js",
      "file": "cypress/e2e/EPIC001_WebPage/TC001_resposivenessOfChatbot.cy.js",
      "beforeHooks": [],
      "afterHooks": [],
      "tests": [],
      "suites": [
        {
          "uuid": "c64ec08b-d6e9-4646-a2ff-033d07e99192",
          "title": "Verify the webpage loads successfully",
          "fullFile": "",
          "file": "",
          "beforeHooks": [],
          "afterHooks": [],
          "tests": [
            {
              "title": "Webpage loads successfully",
              "fullTitle": "Verify the webpage loads successfully Webpage loads successfully",
              "timedOut": null,
              "duration": 3626,
              "state": "passed",
              "speed": "fast",
              "pass": true,
              "fail": false,
              "pending": false,
              "context": null,
              "code": "const WebPage = new _webPageElements.webPage();\n// Verify the url works\nWebPage.verifyUrl();",
              "err": {},
              "uuid": "29122cd5-bb04-4008-938c-3b13981859e2",
              "parentUUID": "c64ec08b-d6e9-4646-a2ff-033d07e99192",
              "isHook": false,
              "skipped": false
            },
            {
              "title": "Chatbot is responsive on all screen sizes",
              "fullTitle": "Verify the webpage loads successfully Chatbot is responsive on all screen sizes",
              "timedOut": null,
              "duration": 1664,
              "state": "passed",
              "speed": "fast",
              "pass": true,
              "fail": false,
              "pending": false,
              "context": null,
              "code": "const WebPage = new _webPageElements.webPage();\n//Verify if the chatbot is reponsive\nWebPage.verifyResponsiveness();",
              "err": {},
              "uuid": "a4678673-ca0e-4299-a614-00a9f5e57b75",
              "parentUUID": "c64ec08b-d6e9-4646-a2ff-033d07e99192",
              "isHook": false,
              "skipped": false
            },
            {
              "title": "Has the lang attribute set to en",
              "fullTitle": "Verify the webpage loads successfully Has the lang attribute set to en",
              "timedOut": null,
              "duration": 978,
              "state": "passed",
              "speed": "fast",
              "pass": true,
              "fail": false,
              "pending": false,
              "context": null,
              "code": "const WebPage = new _webPageElements.webPage();\n// Verify language is set to english\nWebPage.verifyLanguageSetting();",
              "err": {},
              "uuid": "913d3b15-4421-4385-b728-180730dbbab9",
              "parentUUID": "c64ec08b-d6e9-4646-a2ff-033d07e99192",
              "isHook": false,
              "skipped": false
            }
          ],
          "suites": [],
          "passes": [
            "29122cd5-bb04-4008-938c-3b13981859e2",
            "a4678673-ca0e-4299-a614-00a9f5e57b75",
            "913d3b15-4421-4385-b728-180730dbbab9"
          ],
          "failures": [],
          "pending": [],
          "skipped": [],
          "duration": 6268,
          "root": false,
          "rootEmpty": false,
          "_timeout": 2000
        }
      ],
      "passes": [],
      "failures": [],
      "pending": [],
      "skipped": [],
      "duration": 0,
      "root": true,
      "rootEmpty": true,
      "_timeout": 2000
    }
  ],
  "meta": {
    "mocha": {
      "version": "7.0.1"
    },
    "mochawesome": {
      "options": {
        "quiet": false,
        "reportFilename": "mochawesome",
        "saveHtml": true,
        "saveJson": true,
        "consoleReporter": "spec",
        "useInlineDiffs": false,
        "code": true
      },
      "version": "7.1.3"
    },
    "marge": {
      "options": {
        "id": "default",
        "reportDir": "cypress/reports/mocha",
        "overwrite": false,
        "html": true,
        "json": true
      },
      "version": "6.2.0"
    }
  }
}