{
  "stats": {
    "suites": 5,
    "tests": 21,
    "passes": 17,
    "pending": 0,
    "failures": 4,
    "start": "2023-01-29T01:03:01.984Z",
    "end": "2023-01-29T01:09:07.927Z",
    "duration": 259425,
    "testsRegistered": 21,
    "passPercent": 80.95238095238095,
    "pendingPercent": 0,
    "other": 0,
    "hasOther": false,
    "skipped": 0,
    "hasSkipped": false
  },
  "results": [
    {
      "uuid": "ebda6e17-7bb4-4d8e-8f42-6427b859d2e9",
      "title": "",
      "fullFile": "cypress/e2e/EPIC001_WebPage/TC001_resposivenessOfChatbot.cy.js",
      "file": "cypress/e2e/EPIC001_WebPage/TC001_resposivenessOfChatbot.cy.js",
      "beforeHooks": [],
      "afterHooks": [],
      "tests": [],
      "suites": [
        {
          "uuid": "c64ec08b-d6e9-4646-a2ff-033d07e99192",
          "title": "Verify the webpage loads successfully",
          "fullFile": "",
          "file": "",
          "beforeHooks": [],
          "afterHooks": [],
          "tests": [
            {
              "title": "Webpage loads successfully",
              "fullTitle": "Verify the webpage loads successfully Webpage loads successfully",
              "timedOut": null,
              "duration": 3626,
              "state": "passed",
              "speed": "fast",
              "pass": true,
              "fail": false,
              "pending": false,
              "context": null,
              "code": "const WebPage = new _webPageElements.webPage();\n// Verify the url works\nWebPage.verifyUrl();",
              "err": {},
              "uuid": "29122cd5-bb04-4008-938c-3b13981859e2",
              "parentUUID": "c64ec08b-d6e9-4646-a2ff-033d07e99192",
              "isHook": false,
              "skipped": false
            },
            {
              "title": "Chatbot is responsive on all screen sizes",
              "fullTitle": "Verify the webpage loads successfully Chatbot is responsive on all screen sizes",
              "timedOut": null,
              "duration": 1664,
              "state": "passed",
              "speed": "fast",
              "pass": true,
              "fail": false,
              "pending": false,
              "context": null,
              "code": "const WebPage = new _webPageElements.webPage();\n//Verify if the chatbot is reponsive\nWebPage.verifyResponsiveness();",
              "err": {},
              "uuid": "a4678673-ca0e-4299-a614-00a9f5e57b75",
              "parentUUID": "c64ec08b-d6e9-4646-a2ff-033d07e99192",
              "isHook": false,
              "skipped": false
            },
            {
              "title": "Has the lang attribute set to en",
              "fullTitle": "Verify the webpage loads successfully Has the lang attribute set to en",
              "timedOut": null,
              "duration": 978,
              "state": "passed",
              "speed": "fast",
              "pass": true,
              "fail": false,
              "pending": false,
              "context": null,
              "code": "const WebPage = new _webPageElements.webPage();\n// Verify language is set to english\nWebPage.verifyLanguageSetting();",
              "err": {},
              "uuid": "913d3b15-4421-4385-b728-180730dbbab9",
              "parentUUID": "c64ec08b-d6e9-4646-a2ff-033d07e99192",
              "isHook": false,
              "skipped": false
            }
          ],
          "suites": [],
          "passes": [
            "29122cd5-bb04-4008-938c-3b13981859e2",
            "a4678673-ca0e-4299-a614-00a9f5e57b75",
            "913d3b15-4421-4385-b728-180730dbbab9"
          ],
          "failures": [],
          "pending": [],
          "skipped": [],
          "duration": 6268,
          "root": false,
          "rootEmpty": false,
          "_timeout": 2000
        }
      ],
      "passes": [],
      "failures": [],
      "pending": [],
      "skipped": [],
      "duration": 0,
      "root": true,
      "rootEmpty": true,
      "_timeout": 2000
    },
    {
      "uuid": "9ffafe32-0cea-4a18-ac9e-28c0a6e641be",
      "title": "",
      "fullFile": "cypress/e2e/EPIC001_WebPage/TC002_chatbotElements.cy.js",
      "file": "cypress/e2e/EPIC001_WebPage/TC002_chatbotElements.cy.js",
      "beforeHooks": [],
      "afterHooks": [],
      "tests": [],
      "suites": [
        {
          "uuid": "0c312896-233e-4cd4-8c9a-b525226d8346",
          "title": "Verify the chatbot elements are displayed correctly",
          "fullFile": "",
          "file": "",
          "beforeHooks": [],
          "afterHooks": [],
          "tests": [
            {
              "title": "Chatbot window opens on click",
              "fullTitle": "Verify the chatbot elements are displayed correctly Chatbot window opens on click",
              "timedOut": null,
              "duration": 5954,
              "state": "passed",
              "speed": "medium",
              "pass": true,
              "fail": false,
              "pending": false,
              "context": null,
              "code": "const WebPage = new _webPageElements.webPage();\nWebPage.clickOnChatbot().closeChatbot();",
              "err": {},
              "uuid": "2fd5b1c1-fbd5-49ea-b1d8-08f0691738c3",
              "parentUUID": "0c312896-233e-4cd4-8c9a-b525226d8346",
              "isHook": false,
              "skipped": false
            },
            {
              "title": "Verify the webchat headers",
              "fullTitle": "Verify the chatbot elements are displayed correctly Verify the webchat headers",
              "timedOut": null,
              "duration": 6022,
              "state": "passed",
              "speed": "medium",
              "pass": true,
              "fail": false,
              "pending": false,
              "context": null,
              "code": "const WebPage = new _webPageElements.webPage();\nWebPage.clickOnChatbot().verifyAvatar().verifyHeaders().verifyChatShare().closeChatbot();",
              "err": {},
              "uuid": "4e6d42ca-e434-40a1-b3bb-f967ddb359a3",
              "parentUUID": "0c312896-233e-4cd4-8c9a-b525226d8346",
              "isHook": false,
              "skipped": false
            },
            {
              "title": "Verify the webchat body",
              "fullTitle": "Verify the chatbot elements are displayed correctly Verify the webchat body",
              "timedOut": null,
              "duration": 1247,
              "state": "passed",
              "speed": "fast",
              "pass": true,
              "fail": false,
              "pending": false,
              "context": null,
              "code": "const WebPage = new _webPageElements.webPage();\nWebPage.verifyChatBody().closeChatbot();",
              "err": {},
              "uuid": "97773d4c-71fc-44a5-b6b9-83bad5d0cd8d",
              "parentUUID": "0c312896-233e-4cd4-8c9a-b525226d8346",
              "isHook": false,
              "skipped": false
            },
            {
              "title": "Verify the webchat form",
              "fullTitle": "Verify the chatbot elements are displayed correctly Verify the webchat form",
              "timedOut": null,
              "duration": 1088,
              "state": "passed",
              "speed": "fast",
              "pass": true,
              "fail": false,
              "pending": false,
              "context": null,
              "code": "const WebPage = new _webPageElements.webPage();\nWebPage.verifyChatBody().closeChatbot();",
              "err": {},
              "uuid": "e5b761fc-52fd-4ed9-a7ee-e66d8e534ce1",
              "parentUUID": "0c312896-233e-4cd4-8c9a-b525226d8346",
              "isHook": false,
              "skipped": false
            }
          ],
          "suites": [],
          "passes": [
            "2fd5b1c1-fbd5-49ea-b1d8-08f0691738c3",
            "4e6d42ca-e434-40a1-b3bb-f967ddb359a3",
            "97773d4c-71fc-44a5-b6b9-83bad5d0cd8d",
            "e5b761fc-52fd-4ed9-a7ee-e66d8e534ce1"
          ],
          "failures": [],
          "pending": [],
          "skipped": [],
          "duration": 14311,
          "root": false,
          "rootEmpty": false,
          "_timeout": 2000
        }
      ],
      "passes": [],
      "failures": [],
      "pending": [],
      "skipped": [],
      "duration": 0,
      "root": true,
      "rootEmpty": true,
      "_timeout": 2000
    },
    {
      "uuid": "1ea1aff2-5fb6-4206-8a44-f4268fd964f3",
      "title": "",
      "fullFile": "cypress/e2e/EPIC002_ConversationFlow/TC003-withInputField.cy.js",
      "file": "cypress/e2e/EPIC002_ConversationFlow/TC003-withInputField.cy.js",
      "beforeHooks": [],
      "afterHooks": [],
      "tests": [],
      "suites": [
        {
          "uuid": "536e6822-aa32-4389-8ea6-c5524dd7cd60",
          "title": "Verify the chatbot conversation through input field",
          "fullFile": "",
          "file": "",
          "beforeHooks": [],
          "afterHooks": [],
          "tests": [
            {
              "title": "Verify the welcome messages",
              "fullTitle": "Verify the chatbot conversation through input field Verify the welcome messages",
              "timedOut": null,
              "duration": 9649,
              "state": "passed",
              "speed": "medium",
              "pass": true,
              "fail": false,
              "pending": false,
              "context": null,
              "code": "const WebPage = new _webPageElements.webPage();\nconst ConversationPage = new _conversationFlowElements.conversationPage();\nWebPage.clickOnChatbot();\nConversationPage.verifyMessage(`Jamie`, `Hi 👋 \\nI'm Jamie, your friendly guide to chatbots and SnatchBot.`)\n//.verifyDateAndTime(`Jamie`) -> Need to work on milliseconds\n.verifySignature('Jamie').verifyMessageAvatar('Jamie').verifyMessage(`name`, `There’s lots I can show you but first please let me know your name.`)\n//.verifyDateAndTime(`Jamie`) -> Need to work on milliseconds\n.verifySignature('name').verifyMessageAvatar('name');\n(0, _inputs.fillInInputValue)('Ida');\n(0, _buttons.clickButtonByValue)('send');\nConversationPage.verifyMessage(`Good to chat to you`, `Hi Ida! Good to chat to you. Did I get your name right?`);\n//.verifyDateAndTime(`Jamie`) -> Need to work on milliseconds\nWebPage.closeChatbot();",
              "err": {},
              "uuid": "d001dc84-1571-4517-b204-24606eda5db4",
              "parentUUID": "536e6822-aa32-4389-8ea6-c5524dd7cd60",
              "isHook": false,
              "skipped": false
            },
            {
              "title": "Verify the response for `explain chatbots` typed in input field",
              "fullTitle": "Verify the chatbot conversation through input field Verify the response for `explain chatbots` typed in input field",
              "timedOut": null,
              "duration": 19091,
              "state": "passed",
              "speed": "slow",
              "pass": true,
              "fail": false,
              "pending": false,
              "context": null,
              "code": "const WebPage = new _webPageElements.webPage();\nconst ConversationPage = new _conversationFlowElements.conversationPage();\nWebPage.clickOnChatbot();\n(0, _inputs.fillInInputValue)('Ida');\n(0, _buttons.clickButtonByValue)('send');\n(0, _buttons.clickButtonByValue)('Yes');\n(0, _inputs.fillInInputValue)('explain chatbots');\n(0, _buttons.clickButtonByValue)('send');\nConversationPage.verifyMessage(`software applications`, `Basically, we chatbots are just software applications, like any other application you use on your computer. The important difference is that people interface with us using conversation. Shall I say more about this? 👀`)\n//.verifyDateAndTime(`software applications`) -> Need to work on milliseconds\n.verifySignature('software applications').verifyMessageAvatar('software applications');\nWebPage.closeChatbot();",
              "err": {},
              "uuid": "d38daa8e-6e0d-4664-8ad1-7e77ab8b4e6c",
              "parentUUID": "536e6822-aa32-4389-8ea6-c5524dd7cd60",
              "isHook": false,
              "skipped": false
            },
            {
              "title": "Verify the send button is disabled when there are `text-to-speech` buttons",
              "fullTitle": "Verify the chatbot conversation through input field Verify the send button is disabled when there are `text-to-speech` buttons",
              "timedOut": null,
              "duration": 9264,
              "state": "passed",
              "speed": "medium",
              "pass": true,
              "fail": false,
              "pending": false,
              "context": null,
              "code": "const WebPage = new _webPageElements.webPage();\nWebPage.clickOnChatbot();\n(0, _inputs.fillInInputValue)('Ida');\n(0, _buttons.clickButtonByValue)('send');\n(0, _buttons.checkButtonIsActive)('Yes');\n(0, _buttons.checkButtonIsDisabled)('send');\nWebPage.closeChatbot();",
              "err": {},
              "uuid": "407f8d02-de98-4155-b8cc-f62d8f419c89",
              "parentUUID": "536e6822-aa32-4389-8ea6-c5524dd7cd60",
              "isHook": false,
              "skipped": false
            },
            {
              "title": "Verify the text field maximum character length",
              "fullTitle": "Verify the chatbot conversation through input field Verify the text field maximum character length",
              "timedOut": null,
              "duration": 1652,
              "state": "passed",
              "speed": "fast",
              "pass": true,
              "fail": false,
              "pending": false,
              "context": null,
              "code": "",
              "err": {},
              "uuid": "7c13ff48-eb86-4d6a-a928-6c927de5c9f4",
              "parentUUID": "536e6822-aa32-4389-8ea6-c5524dd7cd60",
              "isHook": false,
              "skipped": false
            },
            {
              "title": "Verify attempt to submit without any text in the input field",
              "fullTitle": "Verify the chatbot conversation through input field Verify attempt to submit without any text in the input field",
              "timedOut": null,
              "duration": 5301,
              "state": "passed",
              "speed": "medium",
              "pass": true,
              "fail": false,
              "pending": false,
              "context": null,
              "code": "const WebPage = new _webPageElements.webPage();\nWebPage.clickOnChatbot();\n(0, _inputs.fillInInputValue)(' ');\n(0, _buttons.checkButtonIsDisabled)('send');\nWebPage.closeChatbot();",
              "err": {},
              "uuid": "eb154cf7-c85d-40d9-93ca-fe0dfb3db923",
              "parentUUID": "536e6822-aa32-4389-8ea6-c5524dd7cd60",
              "isHook": false,
              "skipped": false
            },
            {
              "title": "Verify the response when irrelevant characters are typed",
              "fullTitle": "Verify the chatbot conversation through input field Verify the response when irrelevant characters are typed",
              "timedOut": null,
              "duration": 18909,
              "state": "passed",
              "speed": "slow",
              "pass": true,
              "fail": false,
              "pending": false,
              "context": null,
              "code": "const WebPage = new _webPageElements.webPage();\nconst ConversationPage = new _conversationFlowElements.conversationPage();\nWebPage.clickOnChatbot();\n(0, _inputs.fillInInputValue)('Ida');\n(0, _buttons.clickButtonByValue)('send');\n(0, _buttons.clickButtonByValue)('Yes');\n(0, _inputs.fillInInputValue)('irrelavant');\n(0, _buttons.clickButtonByValue)('send');\nConversationPage.verifyMessage(`sorry`, `I'm sorry, Ida, I didn't get that. Let me tell you again what I can do for you.`)\n//.verifyDateAndTime(`sorry`) -> Need to work on milliseconds\n.verifySignature('sorry').verifyMessageAvatar('sorry');\nWebPage.closeChatbot();",
              "err": {},
              "uuid": "8e1c5e8b-2c57-47ef-b363-ed09eb362994",
              "parentUUID": "536e6822-aa32-4389-8ea6-c5524dd7cd60",
              "isHook": false,
              "skipped": false
            }
          ],
          "suites": [],
          "passes": [
            "d001dc84-1571-4517-b204-24606eda5db4",
            "d38daa8e-6e0d-4664-8ad1-7e77ab8b4e6c",
            "407f8d02-de98-4155-b8cc-f62d8f419c89",
            "7c13ff48-eb86-4d6a-a928-6c927de5c9f4",
            "eb154cf7-c85d-40d9-93ca-fe0dfb3db923",
            "8e1c5e8b-2c57-47ef-b363-ed09eb362994"
          ],
          "failures": [],
          "pending": [],
          "skipped": [],
          "duration": 63866,
          "root": false,
          "rootEmpty": false,
          "_timeout": 2000
        }
      ],
      "passes": [],
      "failures": [],
      "pending": [],
      "skipped": [],
      "duration": 0,
      "root": true,
      "rootEmpty": true,
      "_timeout": 2000
    },
    {
      "uuid": "4cc534ae-a598-4c65-bfa2-25bd78e46b92",
      "title": "",
      "fullFile": "cypress/e2e/EPIC002_ConversationFlow/TC004-withMenuOptions.cy.js",
      "file": "cypress/e2e/EPIC002_ConversationFlow/TC004-withMenuOptions.cy.js",
      "beforeHooks": [],
      "afterHooks": [],
      "tests": [],
      "suites": [
        {
          "uuid": "3e8fe63e-ab6d-4ada-8ba4-38e6fdefae6b",
          "title": "Verify the chatbot conversation with menu options",
          "fullFile": "",
          "file": "",
          "beforeHooks": [],
          "afterHooks": [],
          "tests": [
            {
              "title": "Verify the menu bar is visible and clickable",
              "fullTitle": "Verify the chatbot conversation with menu options Verify the menu bar is visible and clickable",
              "timedOut": null,
              "duration": 18823,
              "state": "passed",
              "speed": "slow",
              "pass": true,
              "fail": false,
              "pending": false,
              "context": null,
              "code": "const WebPage = new _webPageElements.webPage();\nWebPage.clickOnChatbot().verifyDuplicateChatbot();\n(0, _inputs.fillInInputValue)('Ida');\n(0, _buttons.clickButtonByValue)('send');\n(0, _buttons.clickButtonByValue)('Yes');\n(0, _buttons.clickButtonByValue)('menu');\n(0, _buttons.checkButtonIsVisible)(' RSS ');\n(0, _buttons.checkButtonIsVisible)('New Topic');\n(0, _buttons.clickButtonByValue)('New Topic');\n(0, _buttons.checkButtonIsVisible)('Pricing');\n(0, _buttons.checkButtonIsVisible)('Broadcast');\n(0, _buttons.checkButtonIsVisible)('Text-To-Speech');\nWebPage.closeChatbot();",
              "err": {},
              "uuid": "306f03a6-dced-409a-a54f-a9f4ff33ae45",
              "parentUUID": "3e8fe63e-ab6d-4ada-8ba4-38e6fdefae6b",
              "isHook": false,
              "skipped": false
            },
            {
              "title": "Verify the responses for `RSS` when selected from menu",
              "fullTitle": "Verify the chatbot conversation with menu options Verify the responses for `RSS` when selected from menu",
              "timedOut": null,
              "duration": 13954,
              "state": "failed",
              "speed": null,
              "pass": false,
              "fail": true,
              "pending": false,
              "context": null,
              "code": "const WebPage = new _webPageElements.webPage();\nconst ConversationPage = new _conversationFlowElements.conversationPage();\nWebPage.clickOnChatbot().verifyDuplicateChatbot();\n(0, _inputs.fillInInputValue)('Ida');\n(0, _buttons.clickButtonByValue)('send');\n(0, _buttons.clickButtonByValue)('Yes');\n(0, _buttons.clickButtonByValue)('menu');\n(0, _buttons.clickButtonByValue)(' RSS ');\nConversationPage.verifyMessage(`RSS feed`, `Below are all the posts from our RSS feed. Enjoy! 👀😀`)\n//.verifyDateAndTime(`RSS feed`) -> Need to work on milliseconds\n.verifySignature('RSS feed').verifyMessageAvatar('RSS feed');\nWebPage.closeChatbot();",
              "err": {
                "message": "AssertionError: Timed out retrying after 4000ms: Expected to find element: `#chat_input`, but never found it. Queried from:\n\n              > <body>",
                "estack": "AssertionError: Timed out retrying after 4000ms: Expected to find element: `#chat_input`, but never found it. Queried from:\n\n              > <body>\n    at fillInInputValue (webpack:///./cypress/support/Helpers/inputs.js:4:7)\n    at Context.eval (webpack:///./cypress/e2e/EPIC002_ConversationFlow/TC004-withMenuOptions.cy.js:45:25)",
                "diff": null
              },
              "uuid": "6c64cc41-a91b-4cd3-9532-f4120c264802",
              "parentUUID": "3e8fe63e-ab6d-4ada-8ba4-38e6fdefae6b",
              "isHook": false,
              "skipped": false
            },
            {
              "title": "Verify the responses for `Pricing` when selected from menu",
              "fullTitle": "Verify the chatbot conversation with menu options Verify the responses for `Pricing` when selected from menu",
              "timedOut": null,
              "duration": 13361,
              "state": "failed",
              "speed": null,
              "pass": false,
              "fail": true,
              "pending": false,
              "context": null,
              "code": "const WebPage = new _webPageElements.webPage();\nconst ConversationPage = new _conversationFlowElements.conversationPage();\nWebPage.clickOnChatbot().verifyDuplicateChatbot();\n(0, _inputs.fillInInputValue)('Ida');\n(0, _buttons.clickButtonByValue)('send');\n(0, _buttons.clickButtonByValue)('Yes');\n(0, _buttons.clickButtonByValue)('menu');\n(0, _buttons.clickButtonByValue)('New Topic');\n(0, _buttons.clickButtonByValue)('Pricing');\nConversationPage.verifyMessage(`built for you?`, `Are you looking to have one or two chatbots built for you?  🤖 🤖:`)\n//.verifyDateAndTime(`built for you?`) -> Need to work on milliseconds\n.verifySignature('built for you?').verifyMessageAvatar('built for you?').verifyMessage(`enterprise`, `Or are you an enterprise or an IT service wanting to build many white label chatbots?`)\n//.verifyDateAndTime(`enterprise`) -> Need to work on milliseconds\n.verifySignature('enterprise').verifyMessageAvatar('enterprise');\n(0, _buttons.clickButtonByValue)('Not applicable');\nConversationPage.verifyMessage(`not addressed here`, `If your case is not addressed here you may ask to be contacted by one of our team and talk about it.`)\n//.verifyDateAndTime(`not addressed here`) -> Need to work on milliseconds\n.verifySignature('not addressed here').verifyMessageAvatar('not addressed here');\nWebPage.closeChatbot();",
              "err": {
                "message": "AssertionError: Timed out retrying after 4000ms: Expected to find element: `#chat_input`, but never found it. Queried from:\n\n              > <body>",
                "estack": "AssertionError: Timed out retrying after 4000ms: Expected to find element: `#chat_input`, but never found it. Queried from:\n\n              > <body>\n    at fillInInputValue (webpack:///./cypress/support/Helpers/inputs.js:4:7)\n    at Context.eval (webpack:///./cypress/e2e/EPIC002_ConversationFlow/TC004-withMenuOptions.cy.js:70:25)",
                "diff": null
              },
              "uuid": "023b1cd3-846a-463b-9630-56641c743e30",
              "parentUUID": "3e8fe63e-ab6d-4ada-8ba4-38e6fdefae6b",
              "isHook": false,
              "skipped": false
            },
            {
              "title": "Verify the menu is clickable when text-to-speech buttons are suggested",
              "fullTitle": "Verify the chatbot conversation with menu options Verify the menu is clickable when text-to-speech buttons are suggested",
              "timedOut": null,
              "duration": 15609,
              "state": "passed",
              "speed": "slow",
              "pass": true,
              "fail": false,
              "pending": false,
              "context": null,
              "code": "const WebPage = new _webPageElements.webPage();\nconst ConversationPage = new _conversationFlowElements.conversationPage();\nWebPage.clickOnChatbot().verifyDuplicateChatbot();\n(0, _inputs.fillInInputValue)('Ida');\n(0, _buttons.clickButtonByValue)('send');\n(0, _buttons.clickButtonByValue)('menu');\n(0, _buttons.checkButtonIsActive)(' RSS ');\n(0, _buttons.clickButtonByValue)(' RSS ');\nConversationPage.verifyMessage(`RSS feed`, `Below are all the posts from our RSS feed. Enjoy! 👀😀`)\n//.verifyDateAndTime(`RSS feed`) -> Need to work on milliseconds\n.verifySignature('RSS feed').verifyMessageAvatar('RSS feed');\nWebPage.closeChatbot();",
              "err": {},
              "uuid": "a1254ef9-e6e0-4d15-a5c8-8c5fc35d5978",
              "parentUUID": "3e8fe63e-ab6d-4ada-8ba4-38e6fdefae6b",
              "isHook": false,
              "skipped": false
            }
          ],
          "suites": [],
          "passes": [
            "306f03a6-dced-409a-a54f-a9f4ff33ae45",
            "a1254ef9-e6e0-4d15-a5c8-8c5fc35d5978"
          ],
          "failures": [
            "6c64cc41-a91b-4cd3-9532-f4120c264802",
            "023b1cd3-846a-463b-9630-56641c743e30"
          ],
          "pending": [],
          "skipped": [],
          "duration": 61747,
          "root": false,
          "rootEmpty": false,
          "_timeout": 2000
        }
      ],
      "passes": [],
      "failures": [],
      "pending": [],
      "skipped": [],
      "duration": 0,
      "root": true,
      "rootEmpty": true,
      "_timeout": 2000
    },
    {
      "uuid": "90f07fb3-6ccb-46f2-a5ad-016aa0a0e3a7",
      "title": "",
      "fullFile": "cypress/e2e/EPIC002_ConversationFlow/TC005-withSpeechRecognition.cy.js",
      "file": "cypress/e2e/EPIC002_ConversationFlow/TC005-withSpeechRecognition.cy.js",
      "beforeHooks": [],
      "afterHooks": [],
      "tests": [],
      "suites": [
        {
          "uuid": "e4a8e20a-dad4-4998-a8e6-39f8dc513a9d",
          "title": "Verify the chatbot conversation with mic",
          "fullFile": "",
          "file": "",
          "beforeHooks": [],
          "afterHooks": [],
          "tests": [
            {
              "title": "Verify the mic is visible and clickable",
              "fullTitle": "Verify the chatbot conversation with mic Verify the mic is visible and clickable",
              "timedOut": null,
              "duration": 6117,
              "state": "passed",
              "speed": "medium",
              "pass": true,
              "fail": false,
              "pending": false,
              "context": null,
              "code": "const WebPage = new _webPageElements.webPage();\nWebPage.clickOnChatbot();\n(0, _buttons.checkButtonIsActive)('mic');\nWebPage.closeChatbot();",
              "err": {},
              "uuid": "da84d070-82e0-4333-bd32-cba69986a26a",
              "parentUUID": "e4a8e20a-dad4-4998-a8e6-39f8dc513a9d",
              "isHook": false,
              "skipped": false
            },
            {
              "title": "Verify the mic is disabled when text-to-speech buttons are suggested",
              "fullTitle": "Verify the chatbot conversation with mic Verify the mic is disabled when text-to-speech buttons are suggested",
              "timedOut": null,
              "duration": 8560,
              "state": "passed",
              "speed": "medium",
              "pass": true,
              "fail": false,
              "pending": false,
              "context": null,
              "code": "const WebPage = new _webPageElements.webPage();\nWebPage.clickOnChatbot();\n(0, _inputs.fillInInputValue)('Ida');\n(0, _buttons.clickButtonByValue)('send');\n(0, _buttons.checkButtonIsVisible)('Yes');\n(0, _buttons.checkButtonIsDisabled)('mic');\nWebPage.closeChatbot();",
              "err": {},
              "uuid": "70a41a54-0fd7-4ade-a33b-769082c4be31",
              "parentUUID": "e4a8e20a-dad4-4998-a8e6-39f8dc513a9d",
              "isHook": false,
              "skipped": false
            },
            {
              "title": "Verify the mic maximum allowance time",
              "fullTitle": "Verify the chatbot conversation with mic Verify the mic maximum allowance time",
              "timedOut": null,
              "duration": 79516,
              "state": "failed",
              "speed": null,
              "pass": false,
              "fail": true,
              "pending": false,
              "context": null,
              "code": "const WebPage = new _webPageElements.webPage();\nconst ConversationPage = new _conversationFlowElements.conversationPage();\nWebPage.clickOnChatbot();\n(0, _inputs.fillInInputValue)('Ida');\n(0, _buttons.clickButtonByValue)('send');\n(0, _buttons.clickButtonByValue)('Yes');\n(0, _buttons.clickButtonByValue)('mic');\ncy.wait(60000);\nConversationPage.verifyMessage(`recognize your message`, `Sorry, could not recognize your message, please try again.`);",
              "err": {
                "message": "AssertionError: Timed out retrying after 4000ms: Expected to find content: 'recognize your message' within the element: <div.message__body.ng-star-inserted> but never did.",
                "estack": "AssertionError: Timed out retrying after 4000ms: Expected to find content: 'recognize your message' within the element: <div.message__body.ng-star-inserted> but never did.\n    at conversationPage.verifyMessage (webpack:///./cypress/support/PageObjects/conversationFlowElements.js:11:11)\n    at Context.eval (webpack:///./cypress/e2e/EPIC002_ConversationFlow/TC005-withSpeechRecognition.cy.js:53:13)",
                "diff": null
              },
              "uuid": "4c2ef7f2-900d-459a-896b-e03b5e2e8802",
              "parentUUID": "e4a8e20a-dad4-4998-a8e6-39f8dc513a9d",
              "isHook": false,
              "skipped": false
            },
            {
              "title": "Verify the response when there is no speech",
              "fullTitle": "Verify the chatbot conversation with mic Verify the response when there is no speech",
              "timedOut": null,
              "duration": 19040,
              "state": "failed",
              "speed": null,
              "pass": false,
              "fail": true,
              "pending": false,
              "context": null,
              "code": "const WebPage = new _webPageElements.webPage();\nconst ConversationPage = new _conversationFlowElements.conversationPage();\nWebPage.clickOnChatbot();\n(0, _inputs.fillInInputValue)('Ida');\n(0, _buttons.clickButtonByValue)('send');\n(0, _buttons.clickButtonByValue)('Yes');\n(0, _buttons.clickButtonByValue)('mic');\n(0, _buttons.clickButtonByValue)('mic', {\n  timeout: 3000\n});\nConversationPage.verifyMessage(`recognize your message`, `Sorry, could not recognize your message, please try again.`);",
              "err": {
                "message": "AssertionError: Timed out retrying after 4000ms: Expected to find content: 'mic' within the element: <button.mat-mini-fab.mat-button-base.mat-primary.ng-star-inserted> but never did.",
                "estack": "AssertionError: Timed out retrying after 4000ms: Expected to find content: 'mic' within the element: <button.mat-mini-fab.mat-button-base.mat-primary.ng-star-inserted> but never did.\n    at clickButtonByValue (webpack:///./cypress/support/Helpers/buttons.js:14:7)\n    at Context.eval (webpack:///./cypress/e2e/EPIC002_ConversationFlow/TC005-withSpeechRecognition.cy.js:68:27)",
                "diff": null
              },
              "uuid": "79fd5a50-dc33-4fb5-b24e-2f34dd131baa",
              "parentUUID": "e4a8e20a-dad4-4998-a8e6-39f8dc513a9d",
              "isHook": false,
              "skipped": false
            }
          ],
          "suites": [],
          "passes": [
            "da84d070-82e0-4333-bd32-cba69986a26a",
            "70a41a54-0fd7-4ade-a33b-769082c4be31"
          ],
          "failures": [
            "4c2ef7f2-900d-459a-896b-e03b5e2e8802",
            "79fd5a50-dc33-4fb5-b24e-2f34dd131baa"
          ],
          "pending": [],
          "skipped": [],
          "duration": 113233,
          "root": false,
          "rootEmpty": false,
          "_timeout": 2000
        }
      ],
      "passes": [],
      "failures": [],
      "pending": [],
      "skipped": [],
      "duration": 0,
      "root": true,
      "rootEmpty": true,
      "_timeout": 2000
    }
  ],
  "meta": {
    "mocha": {
      "version": "7.0.1"
    },
    "mochawesome": {
      "options": {
        "quiet": false,
        "reportFilename": "mochawesome",
        "saveHtml": true,
        "saveJson": true,
        "consoleReporter": "spec",
        "useInlineDiffs": false,
        "code": true
      },
      "version": "7.1.3"
    },
    "marge": {
      "options": {
        "id": "default",
        "reportDir": "cypress/reports/mocha",
        "overwrite": false,
        "html": true,
        "json": true
      },
      "version": "6.2.0"
    }
  }
}